2022-08-13 19:59:16.310  INFO 32192 --- [restartedMain] c.m.stock.StockMicroserviceApplication   : Starting StockMicroserviceApplication using Java 16.0.2 on DESKTOP-AAM4QLG with PID 32192 (C:\Users\drewm\Documents\GitHub\EStockMarket_Backend-Work-\StockMicroservice\target\classes started by Andrew in C:\Users\drewm\Documents\GitHub\EStockMarket_Backend-Work-\StockMicroservice)
2022-08-13 19:59:16.311  INFO 32192 --- [restartedMain] c.m.stock.StockMicroserviceApplication   : No active profile set, falling back to 1 default profile: "default"
2022-08-13 19:59:16.337  INFO 32192 --- [restartedMain] .e.DevToolsPropertyDefaultsPostProcessor : Devtools property defaults active! Set 'spring.devtools.add-properties' to 'false' to disable
2022-08-13 19:59:16.337  INFO 32192 --- [restartedMain] .e.DevToolsPropertyDefaultsPostProcessor : For additional web related logging consider setting the 'logging.level.web' property to 'DEBUG'
2022-08-13 19:59:16.762  INFO 32192 --- [restartedMain] .s.d.r.c.RepositoryConfigurationDelegate : Bootstrapping Spring Data JPA repositories in DEFAULT mode.
2022-08-13 19:59:16.852  INFO 32192 --- [restartedMain] .s.d.r.c.RepositoryConfigurationDelegate : Finished Spring Data repository scanning in 85 ms. Found 1 JPA repository interfaces.
2022-08-13 19:59:16.995  INFO 32192 --- [restartedMain] o.s.cloud.context.scope.GenericScope     : BeanFactory id=63331bcb-9b97-3255-b7ec-24642e2ae5a7
2022-08-13 19:59:17.369  INFO 32192 --- [restartedMain] o.s.b.w.embedded.tomcat.TomcatWebServer  : Tomcat initialized with port(s): 8088 (http)
2022-08-13 19:59:17.377  INFO 32192 --- [restartedMain] o.apache.catalina.core.StandardService   : Starting service [Tomcat]
2022-08-13 19:59:17.377  INFO 32192 --- [restartedMain] org.apache.catalina.core.StandardEngine  : Starting Servlet engine: [Apache Tomcat/9.0.65]
2022-08-13 19:59:17.449  INFO 32192 --- [restartedMain] o.a.c.c.C.[Tomcat].[localhost].[/]       : Initializing Spring embedded WebApplicationContext
2022-08-13 19:59:17.449  INFO 32192 --- [restartedMain] w.s.c.ServletWebServerApplicationContext : Root WebApplicationContext: initialization completed in 1111 ms
2022-08-13 19:59:17.547  INFO 32192 --- [restartedMain] com.zaxxer.hikari.HikariDataSource       : HikariPool-1 - Starting...
2022-08-13 19:59:17.783  INFO 32192 --- [restartedMain] com.zaxxer.hikari.HikariDataSource       : HikariPool-1 - Start completed.
2022-08-13 19:59:17.820  INFO 32192 --- [restartedMain] o.hibernate.jpa.internal.util.LogHelper  : HHH000204: Processing PersistenceUnitInfo [name: default]
2022-08-13 19:59:17.863  INFO 32192 --- [restartedMain] org.hibernate.Version                    : HHH000412: Hibernate ORM core version 5.6.10.Final
2022-08-13 19:59:18.004  INFO 32192 --- [restartedMain] o.hibernate.annotations.common.Version   : HCANN000001: Hibernate Commons Annotations {5.1.2.Final}
2022-08-13 19:59:18.095  INFO 32192 --- [restartedMain] org.hibernate.dialect.Dialect            : HHH000400: Using dialect: org.hibernate.dialect.MySQL8Dialect
2022-08-13 19:59:18.432  INFO 32192 --- [restartedMain] o.h.e.t.j.p.i.JtaPlatformInitiator       : HHH000490: Using JtaPlatform implementation: [org.hibernate.engine.transaction.jta.platform.internal.NoJtaPlatform]
2022-08-13 19:59:18.437  INFO 32192 --- [restartedMain] j.LocalContainerEntityManagerFactoryBean : Initialized JPA EntityManagerFactory for persistence unit 'default'
2022-08-13 19:59:18.657  WARN 32192 --- [restartedMain] JpaBaseConfiguration$JpaWebConfiguration : spring.jpa.open-in-view is enabled by default. Therefore, database queries may be performed during view rendering. Explicitly configure spring.jpa.open-in-view to disable this warning
2022-08-13 19:59:18.857  WARN 32192 --- [restartedMain] o.s.b.d.a.OptionalLiveReloadServer       : Unable to start LiveReload server
2022-08-13 19:59:18.977  INFO 32192 --- [restartedMain] DiscoveryClientOptionalArgsConfiguration : Eureka HTTP Client uses RestTemplate.
2022-08-13 19:59:19.109  WARN 32192 --- [restartedMain] iguration$LoadBalancerCaffeineWarnLogger : Spring Cloud LoadBalancer is currently working with the default cache. While this cache implementation is useful for development and tests, it's recommended to use Caffeine cache in production.You can switch to using Caffeine cache, by adding it and org.springframework.cache.caffeine.CaffeineCacheManager to the classpath.
2022-08-13 19:59:19.147  INFO 32192 --- [restartedMain] o.s.c.n.eureka.InstanceInfoFactory       : Setting initial instance status as: STARTING
2022-08-13 19:59:19.182  INFO 32192 --- [restartedMain] com.netflix.discovery.DiscoveryClient    : Initializing Eureka in region us-east-1
2022-08-13 19:59:19.185  INFO 32192 --- [restartedMain] c.n.d.s.r.aws.ConfigClusterResolver      : Resolving eureka endpoints via configuration
2022-08-13 19:59:19.204  INFO 32192 --- [restartedMain] com.netflix.discovery.DiscoveryClient    : Disable delta property : false
2022-08-13 19:59:19.204  INFO 32192 --- [restartedMain] com.netflix.discovery.DiscoveryClient    : Single vip registry refresh property : null
2022-08-13 19:59:19.205  INFO 32192 --- [restartedMain] com.netflix.discovery.DiscoveryClient    : Force full registry fetch : false
2022-08-13 19:59:19.205  INFO 32192 --- [restartedMain] com.netflix.discovery.DiscoveryClient    : Application is null : false
2022-08-13 19:59:19.205  INFO 32192 --- [restartedMain] com.netflix.discovery.DiscoveryClient    : Registered Applications size is zero : true
2022-08-13 19:59:19.205  INFO 32192 --- [restartedMain] com.netflix.discovery.DiscoveryClient    : Application version is -1: true
2022-08-13 19:59:19.205  INFO 32192 --- [restartedMain] com.netflix.discovery.DiscoveryClient    : Getting all instance registry info from the eureka server
2022-08-13 19:59:19.374  INFO 32192 --- [restartedMain] com.netflix.discovery.DiscoveryClient    : The response status is 200
2022-08-13 19:59:19.377  INFO 32192 --- [restartedMain] com.netflix.discovery.DiscoveryClient    : Starting heartbeat executor: renew interval is: 30
2022-08-13 19:59:19.381  INFO 32192 --- [restartedMain] c.n.discovery.InstanceInfoReplicator     : InstanceInfoReplicator onDemand update allowed rate per min is 4
2022-08-13 19:59:19.389  INFO 32192 --- [restartedMain] com.netflix.discovery.DiscoveryClient    : Discovery Client initialized at timestamp 1660438759388 with initial instances count: 0
2022-08-13 19:59:19.390  INFO 32192 --- [restartedMain] o.s.c.n.e.s.EurekaServiceRegistry        : Registering application STOCK-MICROSERVICE with eureka with status UP
2022-08-13 19:59:19.390  INFO 32192 --- [restartedMain] com.netflix.discovery.DiscoveryClient    : Saw local status change event StatusChangeEvent [timestamp=1660438759390, current=UP, previous=STARTING]
2022-08-13 19:59:19.391  INFO 32192 --- [DiscoveryClient-InstanceInfoReplicator-0] com.netflix.discovery.DiscoveryClient    : DiscoveryClient_STOCK-MICROSERVICE/192.168.86.27:STOCK-MICROSERVICE:8088: registering service...
2022-08-13 19:59:19.402  INFO 32192 --- [restartedMain] o.s.b.w.embedded.tomcat.TomcatWebServer  : Tomcat started on port(s): 8088 (http) with context path ''
2022-08-13 19:59:19.403  INFO 32192 --- [restartedMain] .s.c.n.e.s.EurekaAutoServiceRegistration : Updating port to 8088
2022-08-13 19:59:19.413  INFO 32192 --- [DiscoveryClient-InstanceInfoReplicator-0] com.netflix.discovery.DiscoveryClient    : DiscoveryClient_STOCK-MICROSERVICE/192.168.86.27:STOCK-MICROSERVICE:8088 - registration status: 204
2022-08-13 19:59:19.489  INFO 32192 --- [restartedMain] c.m.stock.StockMicroserviceApplication   : Started StockMicroserviceApplication in 3.495 seconds (JVM running for 3.941)
2022-08-13 19:59:49.392  INFO 32192 --- [DiscoveryClient-CacheRefreshExecutor-0] com.netflix.discovery.DiscoveryClient    : Disable delta property : false
2022-08-13 19:59:49.392  INFO 32192 --- [DiscoveryClient-CacheRefreshExecutor-0] com.netflix.discovery.DiscoveryClient    : Single vip registry refresh property : null
2022-08-13 19:59:49.392  INFO 32192 --- [DiscoveryClient-CacheRefreshExecutor-0] com.netflix.discovery.DiscoveryClient    : Force full registry fetch : false
2022-08-13 19:59:49.392  INFO 32192 --- [DiscoveryClient-CacheRefreshExecutor-0] com.netflix.discovery.DiscoveryClient    : Application is null : false
2022-08-13 19:59:49.392  INFO 32192 --- [DiscoveryClient-CacheRefreshExecutor-0] com.netflix.discovery.DiscoveryClient    : Registered Applications size is zero : true
2022-08-13 19:59:49.393  INFO 32192 --- [DiscoveryClient-CacheRefreshExecutor-0] com.netflix.discovery.DiscoveryClient    : Application version is -1: false
2022-08-13 19:59:49.393  INFO 32192 --- [DiscoveryClient-CacheRefreshExecutor-0] com.netflix.discovery.DiscoveryClient    : Getting all instance registry info from the eureka server
2022-08-13 19:59:49.399  INFO 32192 --- [DiscoveryClient-CacheRefreshExecutor-0] com.netflix.discovery.DiscoveryClient    : The response status is 200
2022-08-13 20:00:12.176  INFO 32192 --- [http-nio-8088-exec-1] o.a.c.c.C.[Tomcat].[localhost].[/]       : Initializing Spring DispatcherServlet 'dispatcherServlet'
2022-08-13 20:00:12.176  INFO 32192 --- [http-nio-8088-exec-1] o.s.web.servlet.DispatcherServlet        : Initializing Servlet 'dispatcherServlet'
2022-08-13 20:00:12.177  INFO 32192 --- [http-nio-8088-exec-1] o.s.web.servlet.DispatcherServlet        : Completed initialization in 1 ms
2022-08-13 20:00:12.314  INFO 32192 --- [http-nio-8088-exec-1] c.m.stock.controller.StockController     : stock prices found: 3
2022-08-13 20:00:12.314  INFO 32192 --- [http-nio-8088-exec-1] c.m.stock.controller.StockController     : StockModel [id=9, companyCode=CTSH, stockPrice=57.0, priceTimestamp=2022-08-11 00:04:44.0]
2022-08-13 20:00:12.314  INFO 32192 --- [http-nio-8088-exec-1] c.m.stock.controller.StockController     : StockModel [id=10, companyCode=CTSH, stockPrice=59.0, priceTimestamp=2022-08-11 00:04:47.0]
2022-08-13 20:00:12.314  INFO 32192 --- [http-nio-8088-exec-1] c.m.stock.controller.StockController     : StockModel [id=11, companyCode=CTSH, stockPrice=69.0, priceTimestamp=2022-08-11 00:04:51.0]
2022-08-13 20:00:35.463  INFO 32192 --- [http-nio-8088-exec-2] c.m.stock.controller.StockController     : no stock prices found between times: 2022-08-11T19:33:00+00:00 and: 2022-08-12T05:04:51.120+00:00
2022-08-13 20:02:22.252  INFO 32192 --- [http-nio-8088-exec-4] c.m.stock.controller.StockController     : no stock prices found between times: 2022-08-11T19:33:00+00:00 and: 2022-08-12T05:04:51.120+00:00
2022-08-13 20:02:28.104  INFO 32192 --- [http-nio-8088-exec-5] c.m.stock.controller.StockController     : stock prices found: 3
2022-08-13 20:02:28.105  INFO 32192 --- [http-nio-8088-exec-5] c.m.stock.controller.StockController     : StockModel [id=9, companyCode=CTSH, stockPrice=57.0, priceTimestamp=2022-08-11 00:04:44.0]
2022-08-13 20:02:28.105  INFO 32192 --- [http-nio-8088-exec-5] c.m.stock.controller.StockController     : StockModel [id=10, companyCode=CTSH, stockPrice=59.0, priceTimestamp=2022-08-11 00:04:47.0]
2022-08-13 20:02:28.105  INFO 32192 --- [http-nio-8088-exec-5] c.m.stock.controller.StockController     : StockModel [id=11, companyCode=CTSH, stockPrice=69.0, priceTimestamp=2022-08-11 00:04:51.0]
2022-08-13 20:04:19.216  INFO 32192 --- [AsyncResolver-bootstrap-executor-0] c.n.d.s.r.aws.ConfigClusterResolver      : Resolving eureka endpoints via configuration
2022-08-13 20:09:19.225  INFO 32192 --- [AsyncResolver-bootstrap-executor-0] c.n.d.s.r.aws.ConfigClusterResolver      : Resolving eureka endpoints via configuration
2022-08-13 20:12:00.318  INFO 32192 --- [Thread-1] o.s.c.n.e.s.EurekaServiceRegistry        : Unregistering application STOCK-MICROSERVICE with eureka with status DOWN
2022-08-13 20:12:00.318  INFO 32192 --- [Thread-1] com.netflix.discovery.DiscoveryClient    : Saw local status change event StatusChangeEvent [timestamp=1660439520318, current=DOWN, previous=UP]
2022-08-13 20:12:00.319  INFO 32192 --- [DiscoveryClient-InstanceInfoReplicator-0] com.netflix.discovery.DiscoveryClient    : DiscoveryClient_STOCK-MICROSERVICE/192.168.86.27:STOCK-MICROSERVICE:8088: registering service...
2022-08-13 20:12:00.322  INFO 32192 --- [DiscoveryClient-InstanceInfoReplicator-0] com.netflix.discovery.DiscoveryClient    : DiscoveryClient_STOCK-MICROSERVICE/192.168.86.27:STOCK-MICROSERVICE:8088 - registration status: 204
2022-08-13 20:12:00.332  INFO 32192 --- [Thread-1] j.LocalContainerEntityManagerFactoryBean : Closing JPA EntityManagerFactory for persistence unit 'default'
2022-08-13 20:12:00.335  INFO 32192 --- [Thread-1] com.zaxxer.hikari.HikariDataSource       : HikariPool-1 - Shutdown initiated...
2022-08-13 20:12:00.340  INFO 32192 --- [Thread-1] com.zaxxer.hikari.HikariDataSource       : HikariPool-1 - Shutdown completed.
2022-08-13 20:12:00.340  INFO 32192 --- [Thread-1] com.netflix.discovery.DiscoveryClient    : Shutting down DiscoveryClient ...
2022-08-13 20:12:03.352  INFO 32192 --- [Thread-1] com.netflix.discovery.DiscoveryClient    : Unregistering ...
2022-08-13 20:12:03.357  INFO 32192 --- [Thread-1] com.netflix.discovery.DiscoveryClient    : DiscoveryClient_STOCK-MICROSERVICE/192.168.86.27:STOCK-MICROSERVICE:8088 - deregister  status: 200
2022-08-13 20:12:03.387  INFO 32192 --- [Thread-1] com.netflix.discovery.DiscoveryClient    : Completed shut down of DiscoveryClient
2022-08-13 20:12:03.526  INFO 32192 --- [restartedMain] c.m.stock.StockMicroserviceApplication   : Starting StockMicroserviceApplication using Java 16.0.2 on DESKTOP-AAM4QLG with PID 32192 (C:\Users\drewm\Documents\GitHub\EStockMarket_Backend-Work-\StockMicroservice\target\classes started by Andrew in C:\Users\drewm\Documents\GitHub\EStockMarket_Backend-Work-\StockMicroservice)
2022-08-13 20:12:03.526  INFO 32192 --- [restartedMain] c.m.stock.StockMicroserviceApplication   : No active profile set, falling back to 1 default profile: "default"
2022-08-13 20:12:03.649  INFO 32192 --- [restartedMain] .s.d.r.c.RepositoryConfigurationDelegate : Bootstrapping Spring Data JPA repositories in DEFAULT mode.
2022-08-13 20:12:03.653  INFO 32192 --- [restartedMain] .s.d.r.c.RepositoryConfigurationDelegate : Finished Spring Data repository scanning in 4 ms. Found 1 JPA repository interfaces.
2022-08-13 20:12:03.691  INFO 32192 --- [restartedMain] o.s.cloud.context.scope.GenericScope     : BeanFactory id=63331bcb-9b97-3255-b7ec-24642e2ae5a7
2022-08-13 20:12:03.734  INFO 32192 --- [restartedMain] o.s.b.w.embedded.tomcat.TomcatWebServer  : Tomcat initialized with port(s): 8088 (http)
2022-08-13 20:12:03.734  INFO 32192 --- [restartedMain] o.apache.catalina.core.StandardService   : Starting service [Tomcat]
2022-08-13 20:12:03.734  INFO 32192 --- [restartedMain] org.apache.catalina.core.StandardEngine  : Starting Servlet engine: [Apache Tomcat/9.0.65]
2022-08-13 20:12:03.752  INFO 32192 --- [restartedMain] o.a.c.c.C.[Tomcat].[localhost].[/]       : Initializing Spring embedded WebApplicationContext
2022-08-13 20:12:03.752  INFO 32192 --- [restartedMain] w.s.c.ServletWebServerApplicationContext : Root WebApplicationContext: initialization completed in 225 ms
2022-08-13 20:12:03.769  INFO 32192 --- [restartedMain] com.zaxxer.hikari.HikariDataSource       : HikariPool-2 - Starting...
2022-08-13 20:12:03.784  INFO 32192 --- [restartedMain] com.zaxxer.hikari.HikariDataSource       : HikariPool-2 - Start completed.
2022-08-13 20:12:03.786  INFO 32192 --- [restartedMain] o.hibernate.jpa.internal.util.LogHelper  : HHH000204: Processing PersistenceUnitInfo [name: default]
2022-08-13 20:12:03.790  INFO 32192 --- [restartedMain] org.hibernate.dialect.Dialect            : HHH000400: Using dialect: org.hibernate.dialect.MySQL8Dialect
2022-08-13 20:12:03.803  INFO 32192 --- [restartedMain] o.h.e.t.j.p.i.JtaPlatformInitiator       : HHH000490: Using JtaPlatform implementation: [org.hibernate.engine.transaction.jta.platform.internal.NoJtaPlatform]
2022-08-13 20:12:03.803  INFO 32192 --- [restartedMain] j.LocalContainerEntityManagerFactoryBean : Initialized JPA EntityManagerFactory for persistence unit 'default'
2022-08-13 20:12:03.848  WARN 32192 --- [restartedMain] JpaBaseConfiguration$JpaWebConfiguration : spring.jpa.open-in-view is enabled by default. Therefore, database queries may be performed during view rendering. Explicitly configure spring.jpa.open-in-view to disable this warning
2022-08-13 20:12:03.906  WARN 32192 --- [restartedMain] o.s.b.d.a.OptionalLiveReloadServer       : Unable to start LiveReload server
2022-08-13 20:12:03.993  INFO 32192 --- [restartedMain] DiscoveryClientOptionalArgsConfiguration : Eureka HTTP Client uses RestTemplate.
2022-08-13 20:12:04.086  WARN 32192 --- [restartedMain] iguration$LoadBalancerCaffeineWarnLogger : Spring Cloud LoadBalancer is currently working with the default cache. While this cache implementation is useful for development and tests, it's recommended to use Caffeine cache in production.You can switch to using Caffeine cache, by adding it and org.springframework.cache.caffeine.CaffeineCacheManager to the classpath.
2022-08-13 20:12:04.098  INFO 32192 --- [restartedMain] o.s.c.n.eureka.InstanceInfoFactory       : Setting initial instance status as: STARTING
2022-08-13 20:12:04.109  INFO 32192 --- [restartedMain] com.netflix.discovery.DiscoveryClient    : Initializing Eureka in region us-east-1
2022-08-13 20:12:04.109  INFO 32192 --- [restartedMain] c.n.d.s.r.aws.ConfigClusterResolver      : Resolving eureka endpoints via configuration
2022-08-13 20:12:04.118  INFO 32192 --- [restartedMain] com.netflix.discovery.DiscoveryClient    : Disable delta property : false
2022-08-13 20:12:04.118  INFO 32192 --- [restartedMain] com.netflix.discovery.DiscoveryClient    : Single vip registry refresh property : null
2022-08-13 20:12:04.118  INFO 32192 --- [restartedMain] com.netflix.discovery.DiscoveryClient    : Force full registry fetch : false
2022-08-13 20:12:04.118  INFO 32192 --- [restartedMain] com.netflix.discovery.DiscoveryClient    : Application is null : false
2022-08-13 20:12:04.118  INFO 32192 --- [restartedMain] com.netflix.discovery.DiscoveryClient    : Registered Applications size is zero : true
2022-08-13 20:12:04.118  INFO 32192 --- [restartedMain] com.netflix.discovery.DiscoveryClient    : Application version is -1: true
2022-08-13 20:12:04.118  INFO 32192 --- [restartedMain] com.netflix.discovery.DiscoveryClient    : Getting all instance registry info from the eureka server
2022-08-13 20:12:04.130  INFO 32192 --- [restartedMain] com.netflix.discovery.DiscoveryClient    : The response status is 200
2022-08-13 20:12:04.133  INFO 32192 --- [restartedMain] com.netflix.discovery.DiscoveryClient    : Starting heartbeat executor: renew interval is: 30
2022-08-13 20:12:04.136  INFO 32192 --- [restartedMain] c.n.discovery.InstanceInfoReplicator     : InstanceInfoReplicator onDemand update allowed rate per min is 4
2022-08-13 20:12:04.141  INFO 32192 --- [restartedMain] com.netflix.discovery.DiscoveryClient    : Discovery Client initialized at timestamp 1660439524141 with initial instances count: 3
2022-08-13 20:12:04.142  INFO 32192 --- [restartedMain] o.s.c.n.e.s.EurekaServiceRegistry        : Registering application STOCK-MICROSERVICE with eureka with status UP
2022-08-13 20:12:04.142  INFO 32192 --- [restartedMain] com.netflix.discovery.DiscoveryClient    : Saw local status change event StatusChangeEvent [timestamp=1660439524142, current=UP, previous=STARTING]
2022-08-13 20:12:04.142  INFO 32192 --- [DiscoveryClient-InstanceInfoReplicator-0] com.netflix.discovery.DiscoveryClient    : DiscoveryClient_STOCK-MICROSERVICE/192.168.86.27:STOCK-MICROSERVICE:8088: registering service...
2022-08-13 20:12:04.144  INFO 32192 --- [restartedMain] o.s.b.w.embedded.tomcat.TomcatWebServer  : Tomcat started on port(s): 8088 (http) with context path ''
2022-08-13 20:12:04.144  INFO 32192 --- [restartedMain] .s.c.n.e.s.EurekaAutoServiceRegistration : Updating port to 8088
2022-08-13 20:12:04.149  INFO 32192 --- [DiscoveryClient-InstanceInfoReplicator-0] com.netflix.discovery.DiscoveryClient    : DiscoveryClient_STOCK-MICROSERVICE/192.168.86.27:STOCK-MICROSERVICE:8088 - registration status: 204
2022-08-13 20:12:04.220  INFO 32192 --- [restartedMain] c.m.stock.StockMicroserviceApplication   : Started StockMicroserviceApplication in 0.796 seconds (JVM running for 768.672)
2022-08-13 20:12:04.221  INFO 32192 --- [restartedMain] .ConditionEvaluationDeltaLoggingListener : Condition evaluation unchanged
2022-08-13 20:12:05.331  INFO 32192 --- [Thread-7] o.s.c.n.e.s.EurekaServiceRegistry        : Unregistering application STOCK-MICROSERVICE with eureka with status DOWN
2022-08-13 20:12:05.331  INFO 32192 --- [Thread-7] com.netflix.discovery.DiscoveryClient    : Saw local status change event StatusChangeEvent [timestamp=1660439525331, current=DOWN, previous=UP]
2022-08-13 20:12:05.331  INFO 32192 --- [DiscoveryClient-InstanceInfoReplicator-0] com.netflix.discovery.DiscoveryClient    : DiscoveryClient_STOCK-MICROSERVICE/192.168.86.27:STOCK-MICROSERVICE:8088: registering service...
2022-08-13 20:12:05.333  INFO 32192 --- [DiscoveryClient-InstanceInfoReplicator-0] com.netflix.discovery.DiscoveryClient    : DiscoveryClient_STOCK-MICROSERVICE/192.168.86.27:STOCK-MICROSERVICE:8088 - registration status: 204
2022-08-13 20:12:05.363  INFO 32192 --- [Thread-7] j.LocalContainerEntityManagerFactoryBean : Closing JPA EntityManagerFactory for persistence unit 'default'
2022-08-13 20:12:05.363  INFO 32192 --- [Thread-7] com.zaxxer.hikari.HikariDataSource       : HikariPool-2 - Shutdown initiated...
2022-08-13 20:12:05.365  INFO 32192 --- [Thread-7] com.zaxxer.hikari.HikariDataSource       : HikariPool-2 - Shutdown completed.
2022-08-13 20:12:05.365  INFO 32192 --- [Thread-7] com.netflix.discovery.DiscoveryClient    : Shutting down DiscoveryClient ...
2022-08-13 20:12:08.376  INFO 32192 --- [Thread-7] com.netflix.discovery.DiscoveryClient    : Unregistering ...
2022-08-13 20:12:08.379  INFO 32192 --- [Thread-7] com.netflix.discovery.DiscoveryClient    : DiscoveryClient_STOCK-MICROSERVICE/192.168.86.27:STOCK-MICROSERVICE:8088 - deregister  status: 200
2022-08-13 20:12:08.408  INFO 32192 --- [Thread-7] com.netflix.discovery.DiscoveryClient    : Completed shut down of DiscoveryClient
2022-08-13 20:12:08.537  INFO 32192 --- [restartedMain] c.m.stock.StockMicroserviceApplication   : Starting StockMicroserviceApplication using Java 16.0.2 on DESKTOP-AAM4QLG with PID 32192 (C:\Users\drewm\Documents\GitHub\EStockMarket_Backend-Work-\StockMicroservice\target\classes started by Andrew in C:\Users\drewm\Documents\GitHub\EStockMarket_Backend-Work-\StockMicroservice)
2022-08-13 20:12:08.537  INFO 32192 --- [restartedMain] c.m.stock.StockMicroserviceApplication   : No active profile set, falling back to 1 default profile: "default"
2022-08-13 20:12:08.655  INFO 32192 --- [restartedMain] .s.d.r.c.RepositoryConfigurationDelegate : Bootstrapping Spring Data JPA repositories in DEFAULT mode.
2022-08-13 20:12:08.660  INFO 32192 --- [restartedMain] .s.d.r.c.RepositoryConfigurationDelegate : Finished Spring Data repository scanning in 4 ms. Found 1 JPA repository interfaces.
2022-08-13 20:12:08.695  INFO 32192 --- [restartedMain] o.s.cloud.context.scope.GenericScope     : BeanFactory id=63331bcb-9b97-3255-b7ec-24642e2ae5a7
2022-08-13 20:12:08.739  INFO 32192 --- [restartedMain] o.s.b.w.embedded.tomcat.TomcatWebServer  : Tomcat initialized with port(s): 8088 (http)
2022-08-13 20:12:08.740  INFO 32192 --- [restartedMain] o.apache.catalina.core.StandardService   : Starting service [Tomcat]
2022-08-13 20:12:08.740  INFO 32192 --- [restartedMain] org.apache.catalina.core.StandardEngine  : Starting Servlet engine: [Apache Tomcat/9.0.65]
2022-08-13 20:12:08.758  INFO 32192 --- [restartedMain] o.a.c.c.C.[Tomcat].[localhost].[/]       : Initializing Spring embedded WebApplicationContext
2022-08-13 20:12:08.758  INFO 32192 --- [restartedMain] w.s.c.ServletWebServerApplicationContext : Root WebApplicationContext: initialization completed in 219 ms
2022-08-13 20:12:08.775  INFO 32192 --- [restartedMain] com.zaxxer.hikari.HikariDataSource       : HikariPool-3 - Starting...
2022-08-13 20:12:08.787  INFO 32192 --- [restartedMain] com.zaxxer.hikari.HikariDataSource       : HikariPool-3 - Start completed.
2022-08-13 20:12:08.789  INFO 32192 --- [restartedMain] o.hibernate.jpa.internal.util.LogHelper  : HHH000204: Processing PersistenceUnitInfo [name: default]
2022-08-13 20:12:08.792  INFO 32192 --- [restartedMain] org.hibernate.dialect.Dialect            : HHH000400: Using dialect: org.hibernate.dialect.MySQL8Dialect
2022-08-13 20:12:08.803  INFO 32192 --- [restartedMain] o.h.e.t.j.p.i.JtaPlatformInitiator       : HHH000490: Using JtaPlatform implementation: [org.hibernate.engine.transaction.jta.platform.internal.NoJtaPlatform]
2022-08-13 20:12:08.804  INFO 32192 --- [restartedMain] j.LocalContainerEntityManagerFactoryBean : Initialized JPA EntityManagerFactory for persistence unit 'default'
2022-08-13 20:12:08.844  WARN 32192 --- [restartedMain] JpaBaseConfiguration$JpaWebConfiguration : spring.jpa.open-in-view is enabled by default. Therefore, database queries may be performed during view rendering. Explicitly configure spring.jpa.open-in-view to disable this warning
2022-08-13 20:12:08.894  WARN 32192 --- [restartedMain] o.s.b.d.a.OptionalLiveReloadServer       : Unable to start LiveReload server
2022-08-13 20:12:08.979  INFO 32192 --- [restartedMain] DiscoveryClientOptionalArgsConfiguration : Eureka HTTP Client uses RestTemplate.
2022-08-13 20:12:09.068  WARN 32192 --- [restartedMain] iguration$LoadBalancerCaffeineWarnLogger : Spring Cloud LoadBalancer is currently working with the default cache. While this cache implementation is useful for development and tests, it's recommended to use Caffeine cache in production.You can switch to using Caffeine cache, by adding it and org.springframework.cache.caffeine.CaffeineCacheManager to the classpath.
2022-08-13 20:12:09.077  INFO 32192 --- [restartedMain] o.s.c.n.eureka.InstanceInfoFactory       : Setting initial instance status as: STARTING
2022-08-13 20:12:09.087  INFO 32192 --- [restartedMain] com.netflix.discovery.DiscoveryClient    : Initializing Eureka in region us-east-1
2022-08-13 20:12:09.087  INFO 32192 --- [restartedMain] c.n.d.s.r.aws.ConfigClusterResolver      : Resolving eureka endpoints via configuration
2022-08-13 20:12:09.092  INFO 32192 --- [restartedMain] com.netflix.discovery.DiscoveryClient    : Disable delta property : false
2022-08-13 20:12:09.093  INFO 32192 --- [restartedMain] com.netflix.discovery.DiscoveryClient    : Single vip registry refresh property : null
2022-08-13 20:12:09.093  INFO 32192 --- [restartedMain] com.netflix.discovery.DiscoveryClient    : Force full registry fetch : false
2022-08-13 20:12:09.093  INFO 32192 --- [restartedMain] com.netflix.discovery.DiscoveryClient    : Application is null : false
2022-08-13 20:12:09.093  INFO 32192 --- [restartedMain] com.netflix.discovery.DiscoveryClient    : Registered Applications size is zero : true
2022-08-13 20:12:09.093  INFO 32192 --- [restartedMain] com.netflix.discovery.DiscoveryClient    : Application version is -1: true
2022-08-13 20:12:09.093  INFO 32192 --- [restartedMain] com.netflix.discovery.DiscoveryClient    : Getting all instance registry info from the eureka server
2022-08-13 20:12:09.105  INFO 32192 --- [restartedMain] com.netflix.discovery.DiscoveryClient    : The response status is 200
2022-08-13 20:12:09.108  INFO 32192 --- [restartedMain] com.netflix.discovery.DiscoveryClient    : Starting heartbeat executor: renew interval is: 30
2022-08-13 20:12:09.110  INFO 32192 --- [restartedMain] c.n.discovery.InstanceInfoReplicator     : InstanceInfoReplicator onDemand update allowed rate per min is 4
2022-08-13 20:12:09.115  INFO 32192 --- [restartedMain] com.netflix.discovery.DiscoveryClient    : Discovery Client initialized at timestamp 1660439529115 with initial instances count: 3
2022-08-13 20:12:09.116  INFO 32192 --- [restartedMain] o.s.c.n.e.s.EurekaServiceRegistry        : Registering application STOCK-MICROSERVICE with eureka with status UP
2022-08-13 20:12:09.116  INFO 32192 --- [restartedMain] com.netflix.discovery.DiscoveryClient    : Saw local status change event StatusChangeEvent [timestamp=1660439529116, current=UP, previous=STARTING]
2022-08-13 20:12:09.116  INFO 32192 --- [DiscoveryClient-InstanceInfoReplicator-0] com.netflix.discovery.DiscoveryClient    : DiscoveryClient_STOCK-MICROSERVICE/192.168.86.27:STOCK-MICROSERVICE:8088: registering service...
2022-08-13 20:12:09.118  INFO 32192 --- [restartedMain] o.s.b.w.embedded.tomcat.TomcatWebServer  : Tomcat started on port(s): 8088 (http) with context path ''
2022-08-13 20:12:09.119  INFO 32192 --- [restartedMain] .s.c.n.e.s.EurekaAutoServiceRegistration : Updating port to 8088
2022-08-13 20:12:09.123  INFO 32192 --- [DiscoveryClient-InstanceInfoReplicator-0] com.netflix.discovery.DiscoveryClient    : DiscoveryClient_STOCK-MICROSERVICE/192.168.86.27:STOCK-MICROSERVICE:8088 - registration status: 204
2022-08-13 20:12:09.194  INFO 32192 --- [restartedMain] c.m.stock.StockMicroserviceApplication   : Started StockMicroserviceApplication in 0.75 seconds (JVM running for 773.646)
2022-08-13 20:12:09.195  INFO 32192 --- [restartedMain] .ConditionEvaluationDeltaLoggingListener : Condition evaluation unchanged
2022-08-13 20:12:11.315  INFO 32192 --- [Thread-13] o.s.c.n.e.s.EurekaServiceRegistry        : Unregistering application STOCK-MICROSERVICE with eureka with status DOWN
2022-08-13 20:12:11.315  INFO 32192 --- [Thread-13] com.netflix.discovery.DiscoveryClient    : Saw local status change event StatusChangeEvent [timestamp=1660439531315, current=DOWN, previous=UP]
2022-08-13 20:12:11.315  INFO 32192 --- [DiscoveryClient-InstanceInfoReplicator-0] com.netflix.discovery.DiscoveryClient    : DiscoveryClient_STOCK-MICROSERVICE/192.168.86.27:STOCK-MICROSERVICE:8088: registering service...
2022-08-13 20:12:11.319  INFO 32192 --- [DiscoveryClient-InstanceInfoReplicator-0] com.netflix.discovery.DiscoveryClient    : DiscoveryClient_STOCK-MICROSERVICE/192.168.86.27:STOCK-MICROSERVICE:8088 - registration status: 204
2022-08-13 20:12:11.324  INFO 32192 --- [Thread-13] j.LocalContainerEntityManagerFactoryBean : Closing JPA EntityManagerFactory for persistence unit 'default'
2022-08-13 20:12:11.324  INFO 32192 --- [Thread-13] com.zaxxer.hikari.HikariDataSource       : HikariPool-3 - Shutdown initiated...
2022-08-13 20:12:11.326  INFO 32192 --- [Thread-13] com.zaxxer.hikari.HikariDataSource       : HikariPool-3 - Shutdown completed.
2022-08-13 20:12:11.326  INFO 32192 --- [Thread-13] com.netflix.discovery.DiscoveryClient    : Shutting down DiscoveryClient ...
2022-08-13 20:12:14.337  INFO 32192 --- [Thread-13] com.netflix.discovery.DiscoveryClient    : Unregistering ...
2022-08-13 20:12:14.340  INFO 32192 --- [Thread-13] com.netflix.discovery.DiscoveryClient    : DiscoveryClient_STOCK-MICROSERVICE/192.168.86.27:STOCK-MICROSERVICE:8088 - deregister  status: 200
2022-08-13 20:12:14.370  INFO 32192 --- [Thread-13] com.netflix.discovery.DiscoveryClient    : Completed shut down of DiscoveryClient
2022-08-13 20:12:14.505  INFO 32192 --- [restartedMain] c.m.stock.StockMicroserviceApplication   : Starting StockMicroserviceApplication using Java 16.0.2 on DESKTOP-AAM4QLG with PID 32192 (C:\Users\drewm\Documents\GitHub\EStockMarket_Backend-Work-\StockMicroservice\target\classes started by Andrew in C:\Users\drewm\Documents\GitHub\EStockMarket_Backend-Work-\StockMicroservice)
2022-08-13 20:12:14.505  INFO 32192 --- [restartedMain] c.m.stock.StockMicroserviceApplication   : No active profile set, falling back to 1 default profile: "default"
2022-08-13 20:12:14.622  INFO 32192 --- [restartedMain] .s.d.r.c.RepositoryConfigurationDelegate : Bootstrapping Spring Data JPA repositories in DEFAULT mode.
2022-08-13 20:12:14.626  INFO 32192 --- [restartedMain] .s.d.r.c.RepositoryConfigurationDelegate : Finished Spring Data repository scanning in 4 ms. Found 1 JPA repository interfaces.
2022-08-13 20:12:14.660  INFO 32192 --- [restartedMain] o.s.cloud.context.scope.GenericScope     : BeanFactory id=63331bcb-9b97-3255-b7ec-24642e2ae5a7
2022-08-13 20:12:14.702  INFO 32192 --- [restartedMain] o.s.b.w.embedded.tomcat.TomcatWebServer  : Tomcat initialized with port(s): 8088 (http)
2022-08-13 20:12:14.702  INFO 32192 --- [restartedMain] o.apache.catalina.core.StandardService   : Starting service [Tomcat]
2022-08-13 20:12:14.703  INFO 32192 --- [restartedMain] org.apache.catalina.core.StandardEngine  : Starting Servlet engine: [Apache Tomcat/9.0.65]
2022-08-13 20:12:14.720  INFO 32192 --- [restartedMain] o.a.c.c.C.[Tomcat].[localhost].[/]       : Initializing Spring embedded WebApplicationContext
2022-08-13 20:12:14.721  INFO 32192 --- [restartedMain] w.s.c.ServletWebServerApplicationContext : Root WebApplicationContext: initialization completed in 215 ms
2022-08-13 20:12:14.740  INFO 32192 --- [restartedMain] com.zaxxer.hikari.HikariDataSource       : HikariPool-4 - Starting...
2022-08-13 20:12:14.753  INFO 32192 --- [restartedMain] com.zaxxer.hikari.HikariDataSource       : HikariPool-4 - Start completed.
2022-08-13 20:12:14.755  INFO 32192 --- [restartedMain] o.hibernate.jpa.internal.util.LogHelper  : HHH000204: Processing PersistenceUnitInfo [name: default]
2022-08-13 20:12:14.758  INFO 32192 --- [restartedMain] org.hibernate.dialect.Dialect            : HHH000400: Using dialect: org.hibernate.dialect.MySQL8Dialect
2022-08-13 20:12:14.770  INFO 32192 --- [restartedMain] o.h.e.t.j.p.i.JtaPlatformInitiator       : HHH000490: Using JtaPlatform implementation: [org.hibernate.engine.transaction.jta.platform.internal.NoJtaPlatform]
2022-08-13 20:12:14.770  INFO 32192 --- [restartedMain] j.LocalContainerEntityManagerFactoryBean : Initialized JPA EntityManagerFactory for persistence unit 'default'
2022-08-13 20:12:14.808  WARN 32192 --- [restartedMain] JpaBaseConfiguration$JpaWebConfiguration : spring.jpa.open-in-view is enabled by default. Therefore, database queries may be performed during view rendering. Explicitly configure spring.jpa.open-in-view to disable this warning
2022-08-13 20:12:14.859  WARN 32192 --- [restartedMain] o.s.b.d.a.OptionalLiveReloadServer       : Unable to start LiveReload server
2022-08-13 20:12:14.947  INFO 32192 --- [restartedMain] DiscoveryClientOptionalArgsConfiguration : Eureka HTTP Client uses RestTemplate.
2022-08-13 20:12:15.037  WARN 32192 --- [restartedMain] iguration$LoadBalancerCaffeineWarnLogger : Spring Cloud LoadBalancer is currently working with the default cache. While this cache implementation is useful for development and tests, it's recommended to use Caffeine cache in production.You can switch to using Caffeine cache, by adding it and org.springframework.cache.caffeine.CaffeineCacheManager to the classpath.
2022-08-13 20:12:15.046  INFO 32192 --- [restartedMain] o.s.c.n.eureka.InstanceInfoFactory       : Setting initial instance status as: STARTING
2022-08-13 20:12:15.057  INFO 32192 --- [restartedMain] com.netflix.discovery.DiscoveryClient    : Initializing Eureka in region us-east-1
2022-08-13 20:12:15.057  INFO 32192 --- [restartedMain] c.n.d.s.r.aws.ConfigClusterResolver      : Resolving eureka endpoints via configuration
2022-08-13 20:12:15.062  INFO 32192 --- [restartedMain] com.netflix.discovery.DiscoveryClient    : Disable delta property : false
2022-08-13 20:12:15.062  INFO 32192 --- [restartedMain] com.netflix.discovery.DiscoveryClient    : Single vip registry refresh property : null
2022-08-13 20:12:15.062  INFO 32192 --- [restartedMain] com.netflix.discovery.DiscoveryClient    : Force full registry fetch : false
2022-08-13 20:12:15.062  INFO 32192 --- [restartedMain] com.netflix.discovery.DiscoveryClient    : Application is null : false
2022-08-13 20:12:15.062  INFO 32192 --- [restartedMain] com.netflix.discovery.DiscoveryClient    : Registered Applications size is zero : true
2022-08-13 20:12:15.062  INFO 32192 --- [restartedMain] com.netflix.discovery.DiscoveryClient    : Application version is -1: true
2022-08-13 20:12:15.062  INFO 32192 --- [restartedMain] com.netflix.discovery.DiscoveryClient    : Getting all instance registry info from the eureka server
2022-08-13 20:12:15.072  INFO 32192 --- [restartedMain] com.netflix.discovery.DiscoveryClient    : The response status is 200
2022-08-13 20:12:15.075  INFO 32192 --- [restartedMain] com.netflix.discovery.DiscoveryClient    : Starting heartbeat executor: renew interval is: 30
2022-08-13 20:12:15.078  INFO 32192 --- [restartedMain] c.n.discovery.InstanceInfoReplicator     : InstanceInfoReplicator onDemand update allowed rate per min is 4
2022-08-13 20:12:15.083  INFO 32192 --- [restartedMain] com.netflix.discovery.DiscoveryClient    : Discovery Client initialized at timestamp 1660439535083 with initial instances count: 3
2022-08-13 20:12:15.084  INFO 32192 --- [restartedMain] o.s.c.n.e.s.EurekaServiceRegistry        : Registering application STOCK-MICROSERVICE with eureka with status UP
2022-08-13 20:12:15.084  INFO 32192 --- [restartedMain] com.netflix.discovery.DiscoveryClient    : Saw local status change event StatusChangeEvent [timestamp=1660439535084, current=UP, previous=STARTING]
2022-08-13 20:12:15.084  INFO 32192 --- [DiscoveryClient-InstanceInfoReplicator-0] com.netflix.discovery.DiscoveryClient    : DiscoveryClient_STOCK-MICROSERVICE/DESKTOP-AAM4QLG.lan:STOCK-MICROSERVICE:8088: registering service...
2022-08-13 20:12:15.086  INFO 32192 --- [restartedMain] o.s.b.w.embedded.tomcat.TomcatWebServer  : Tomcat started on port(s): 8088 (http) with context path ''
2022-08-13 20:12:15.086  INFO 32192 --- [restartedMain] .s.c.n.e.s.EurekaAutoServiceRegistration : Updating port to 8088
2022-08-13 20:12:15.091  INFO 32192 --- [DiscoveryClient-InstanceInfoReplicator-0] com.netflix.discovery.DiscoveryClient    : DiscoveryClient_STOCK-MICROSERVICE/DESKTOP-AAM4QLG.lan:STOCK-MICROSERVICE:8088 - registration status: 204
2022-08-13 20:12:15.162  INFO 32192 --- [restartedMain] c.m.stock.StockMicroserviceApplication   : Started StockMicroserviceApplication in 0.757 seconds (JVM running for 779.615)
2022-08-13 20:12:15.163  INFO 32192 --- [restartedMain] .ConditionEvaluationDeltaLoggingListener : Condition evaluation unchanged
2022-08-13 20:12:22.370  INFO 32192 --- [RMI TCP Connection(16)-127.0.0.1] inMXBeanRegistrar$SpringApplicationAdmin : Application shutdown requested.
2022-08-13 20:12:22.371  INFO 32192 --- [RMI TCP Connection(16)-127.0.0.1] o.s.c.n.e.s.EurekaServiceRegistry        : Unregistering application STOCK-MICROSERVICE with eureka with status DOWN
2022-08-13 20:12:22.371  INFO 32192 --- [RMI TCP Connection(16)-127.0.0.1] com.netflix.discovery.DiscoveryClient    : Saw local status change event StatusChangeEvent [timestamp=1660439542371, current=DOWN, previous=UP]
2022-08-13 20:12:22.371  INFO 32192 --- [DiscoveryClient-InstanceInfoReplicator-0] com.netflix.discovery.DiscoveryClient    : DiscoveryClient_STOCK-MICROSERVICE/DESKTOP-AAM4QLG.lan:STOCK-MICROSERVICE:8088: registering service...
2022-08-13 20:12:22.374  INFO 32192 --- [DiscoveryClient-InstanceInfoReplicator-0] com.netflix.discovery.DiscoveryClient    : DiscoveryClient_STOCK-MICROSERVICE/DESKTOP-AAM4QLG.lan:STOCK-MICROSERVICE:8088 - registration status: 204
2022-08-13 20:12:22.379  INFO 32192 --- [RMI TCP Connection(16)-127.0.0.1] j.LocalContainerEntityManagerFactoryBean : Closing JPA EntityManagerFactory for persistence unit 'default'
2022-08-13 20:12:22.379  INFO 32192 --- [RMI TCP Connection(16)-127.0.0.1] com.zaxxer.hikari.HikariDataSource       : HikariPool-4 - Shutdown initiated...
2022-08-13 20:12:22.381  INFO 32192 --- [RMI TCP Connection(16)-127.0.0.1] com.zaxxer.hikari.HikariDataSource       : HikariPool-4 - Shutdown completed.
2022-08-13 20:12:22.381  INFO 32192 --- [RMI TCP Connection(16)-127.0.0.1] com.netflix.discovery.DiscoveryClient    : Shutting down DiscoveryClient ...
2022-08-13 20:12:25.387  INFO 32192 --- [RMI TCP Connection(16)-127.0.0.1] com.netflix.discovery.DiscoveryClient    : Unregistering ...
2022-08-13 20:12:25.389  INFO 32192 --- [RMI TCP Connection(16)-127.0.0.1] com.netflix.discovery.DiscoveryClient    : DiscoveryClient_STOCK-MICROSERVICE/DESKTOP-AAM4QLG.lan:STOCK-MICROSERVICE:8088 - deregister  status: 200
2022-08-13 20:12:25.417  INFO 32192 --- [RMI TCP Connection(16)-127.0.0.1] com.netflix.discovery.DiscoveryClient    : Completed shut down of DiscoveryClient
2022-08-13 20:12:50.459  INFO 13220 --- [restartedMain] c.m.s.StockMicroserviceApplication       : Starting StockMicroserviceApplication using Java 16.0.2 on DESKTOP-AAM4QLG with PID 13220 (C:\Users\drewm\Documents\GitHub\EStockMarket_Backend-Work-\StockMicroservice\target\classes started by Andrew in C:\Users\drewm\Documents\GitHub\EStockMarket_Backend-Work-\StockMicroservice)
2022-08-13 20:12:50.464  INFO 13220 --- [restartedMain] c.m.s.StockMicroserviceApplication       : No active profile set, falling back to 1 default profile: "default"
2022-08-13 20:12:50.490  INFO 13220 --- [restartedMain] .e.DevToolsPropertyDefaultsPostProcessor : Devtools property defaults active! Set 'spring.devtools.add-properties' to 'false' to disable
2022-08-13 20:12:50.490  INFO 13220 --- [restartedMain] .e.DevToolsPropertyDefaultsPostProcessor : For additional web related logging consider setting the 'logging.level.web' property to 'DEBUG'
2022-08-13 20:12:50.916  INFO 13220 --- [restartedMain] .s.d.r.c.RepositoryConfigurationDelegate : Bootstrapping Spring Data JPA repositories in DEFAULT mode.
2022-08-13 20:12:51.007  INFO 13220 --- [restartedMain] .s.d.r.c.RepositoryConfigurationDelegate : Finished Spring Data repository scanning in 86 ms. Found 1 JPA repository interfaces.
2022-08-13 20:12:51.148  INFO 13220 --- [restartedMain] o.s.c.c.s.GenericScope                   : BeanFactory id=63331bcb-9b97-3255-b7ec-24642e2ae5a7
2022-08-13 20:12:51.537  INFO 13220 --- [restartedMain] o.s.b.w.e.t.TomcatWebServer              : Tomcat initialized with port(s): 8088 (http)
2022-08-13 20:12:51.550  INFO 13220 --- [restartedMain] o.a.c.c.StandardService                  : Starting service [Tomcat]
2022-08-13 20:12:51.551  INFO 13220 --- [restartedMain] o.a.c.c.StandardEngine                   : Starting Servlet engine: [Apache Tomcat/9.0.65]
2022-08-13 20:12:51.631  INFO 13220 --- [restartedMain] o.a.c.c.C.[.[.[/]                        : Initializing Spring embedded WebApplicationContext
2022-08-13 20:12:51.631  INFO 13220 --- [restartedMain] w.s.c.ServletWebServerApplicationContext : Root WebApplicationContext: initialization completed in 1141 ms
2022-08-13 20:12:51.712  INFO 13220 --- [restartedMain] c.z.h.HikariDataSource                   : HikariPool-1 - Starting...
2022-08-13 20:12:51.896  INFO 13220 --- [restartedMain] c.z.h.HikariDataSource                   : HikariPool-1 - Start completed.
2022-08-13 20:12:51.928  INFO 13220 --- [restartedMain] o.h.j.i.u.LogHelper                      : HHH000204: Processing PersistenceUnitInfo [name: default]
2022-08-13 20:12:51.975  INFO 13220 --- [restartedMain] o.h.Version                              : HHH000412: Hibernate ORM core version 5.6.10.Final
2022-08-13 20:12:52.103  INFO 13220 --- [restartedMain] o.h.a.c.Version                          : HCANN000001: Hibernate Commons Annotations {5.1.2.Final}
2022-08-13 20:12:52.191  INFO 13220 --- [restartedMain] o.h.d.Dialect                            : HHH000400: Using dialect: org.hibernate.dialect.MySQL8Dialect
2022-08-13 20:12:52.511  INFO 13220 --- [restartedMain] o.h.e.t.j.p.i.JtaPlatformInitiator       : HHH000490: Using JtaPlatform implementation: [org.hibernate.engine.transaction.jta.platform.internal.NoJtaPlatform]
2022-08-13 20:12:52.517  INFO 13220 --- [restartedMain] j.LocalContainerEntityManagerFactoryBean : Initialized JPA EntityManagerFactory for persistence unit 'default'
2022-08-13 20:12:52.739  WARN 13220 --- [restartedMain] JpaBaseConfiguration$JpaWebConfiguration : spring.jpa.open-in-view is enabled by default. Therefore, database queries may be performed during view rendering. Explicitly configure spring.jpa.open-in-view to disable this warning
2022-08-13 20:12:52.953  WARN 13220 --- [restartedMain] o.s.b.d.a.OptionalLiveReloadServer       : Unable to start LiveReload server
2022-08-13 20:12:53.064  INFO 13220 --- [restartedMain] DiscoveryClientOptionalArgsConfiguration : Eureka HTTP Client uses RestTemplate.
2022-08-13 20:12:53.195  WARN 13220 --- [restartedMain] iguration$LoadBalancerCaffeineWarnLogger : Spring Cloud LoadBalancer is currently working with the default cache. While this cache implementation is useful for development and tests, it's recommended to use Caffeine cache in production.You can switch to using Caffeine cache, by adding it and org.springframework.cache.caffeine.CaffeineCacheManager to the classpath.
2022-08-13 20:12:53.231  INFO 13220 --- [restartedMain] o.s.c.n.e.InstanceInfoFactory            : Setting initial instance status as: STARTING
2022-08-13 20:12:53.268  INFO 13220 --- [restartedMain] c.n.d.DiscoveryClient                    : Initializing Eureka in region us-east-1
2022-08-13 20:12:53.271  INFO 13220 --- [restartedMain] c.n.d.s.r.a.ConfigClusterResolver        : Resolving eureka endpoints via configuration
2022-08-13 20:12:53.291  INFO 13220 --- [restartedMain] c.n.d.DiscoveryClient                    : Disable delta property : false
2022-08-13 20:12:53.291  INFO 13220 --- [restartedMain] c.n.d.DiscoveryClient                    : Single vip registry refresh property : null
2022-08-13 20:12:53.291  INFO 13220 --- [restartedMain] c.n.d.DiscoveryClient                    : Force full registry fetch : false
2022-08-13 20:12:53.291  INFO 13220 --- [restartedMain] c.n.d.DiscoveryClient                    : Application is null : false
2022-08-13 20:12:53.291  INFO 13220 --- [restartedMain] c.n.d.DiscoveryClient                    : Registered Applications size is zero : true
2022-08-13 20:12:53.291  INFO 13220 --- [restartedMain] c.n.d.DiscoveryClient                    : Application version is -1: true
2022-08-13 20:12:53.291  INFO 13220 --- [restartedMain] c.n.d.DiscoveryClient                    : Getting all instance registry info from the eureka server
2022-08-13 20:12:53.465  INFO 13220 --- [restartedMain] c.n.d.DiscoveryClient                    : The response status is 200
2022-08-13 20:12:53.469  INFO 13220 --- [restartedMain] c.n.d.DiscoveryClient                    : Starting heartbeat executor: renew interval is: 30
2022-08-13 20:12:53.473  INFO 13220 --- [restartedMain] c.n.d.InstanceInfoReplicator             : InstanceInfoReplicator onDemand update allowed rate per min is 4
2022-08-13 20:12:53.481  INFO 13220 --- [restartedMain] c.n.d.DiscoveryClient                    : Discovery Client initialized at timestamp 1660439573480 with initial instances count: 2
2022-08-13 20:12:53.482  INFO 13220 --- [restartedMain] o.s.c.n.e.s.EurekaServiceRegistry        : Registering application STOCK-MICROSERVICE with eureka with status UP
2022-08-13 20:12:53.482  INFO 13220 --- [restartedMain] c.n.d.DiscoveryClient                    : Saw local status change event StatusChangeEvent [timestamp=1660439573482, current=UP, previous=STARTING]
2022-08-13 20:12:53.483  INFO 13220 --- [DiscoveryClient-InstanceInfoReplicator-0] c.n.d.DiscoveryClient                    : DiscoveryClient_STOCK-MICROSERVICE/DESKTOP-AAM4QLG.lan:STOCK-MICROSERVICE:8088: registering service...
2022-08-13 20:12:53.499  INFO 13220 --- [restartedMain] o.s.b.w.e.t.TomcatWebServer              : Tomcat started on port(s): 8088 (http) with context path ''
2022-08-13 20:12:53.499  INFO 13220 --- [restartedMain] .s.c.n.e.s.EurekaAutoServiceRegistration : Updating port to 8088
2022-08-13 20:12:53.505  INFO 13220 --- [DiscoveryClient-InstanceInfoReplicator-0] c.n.d.DiscoveryClient                    : DiscoveryClient_STOCK-MICROSERVICE/DESKTOP-AAM4QLG.lan:STOCK-MICROSERVICE:8088 - registration status: 204
2022-08-13 20:12:53.586  INFO 13220 --- [restartedMain] c.m.s.StockMicroserviceApplication       : Started StockMicroserviceApplication in 3.508 seconds (JVM running for 4.075)
2022-08-13 20:14:28.295  INFO 13220 --- [Thread-1] o.s.c.n.e.s.EurekaServiceRegistry        : Unregistering application STOCK-MICROSERVICE with eureka with status DOWN
2022-08-13 20:14:28.295  INFO 13220 --- [Thread-1] c.n.d.DiscoveryClient                    : Saw local status change event StatusChangeEvent [timestamp=1660439668295, current=DOWN, previous=UP]
2022-08-13 20:14:28.296  INFO 13220 --- [DiscoveryClient-InstanceInfoReplicator-0] c.n.d.DiscoveryClient                    : DiscoveryClient_STOCK-MICROSERVICE/DESKTOP-AAM4QLG.lan:STOCK-MICROSERVICE:8088: registering service...
2022-08-13 20:14:28.299  INFO 13220 --- [DiscoveryClient-InstanceInfoReplicator-0] c.n.d.DiscoveryClient                    : DiscoveryClient_STOCK-MICROSERVICE/DESKTOP-AAM4QLG.lan:STOCK-MICROSERVICE:8088 - registration status: 204
2022-08-13 20:14:28.306  INFO 13220 --- [Thread-1] j.LocalContainerEntityManagerFactoryBean : Closing JPA EntityManagerFactory for persistence unit 'default'
2022-08-13 20:14:28.308  INFO 13220 --- [Thread-1] c.z.h.HikariDataSource                   : HikariPool-1 - Shutdown initiated...
2022-08-13 20:14:28.312  INFO 13220 --- [Thread-1] c.z.h.HikariDataSource                   : HikariPool-1 - Shutdown completed.
2022-08-13 20:14:28.312  INFO 13220 --- [Thread-1] c.n.d.DiscoveryClient                    : Shutting down DiscoveryClient ...
2022-08-13 20:14:31.318  INFO 13220 --- [Thread-1] c.n.d.DiscoveryClient                    : Unregistering ...
2022-08-13 20:14:31.321  INFO 13220 --- [Thread-1] c.n.d.DiscoveryClient                    : DiscoveryClient_STOCK-MICROSERVICE/DESKTOP-AAM4QLG.lan:STOCK-MICROSERVICE:8088 - deregister  status: 200
2022-08-13 20:14:31.351  INFO 13220 --- [Thread-1] c.n.d.DiscoveryClient                    : Completed shut down of DiscoveryClient
